mode: count
video-subscribe-dl/internal/scheduler/check_douyin.go:17.48,19.24 1 20
video-subscribe-dl/internal/scheduler/check_douyin.go:19.24,22.3 2 1
video-subscribe-dl/internal/scheduler/check_douyin.go:24.2,28.55 3 19
video-subscribe-dl/internal/scheduler/check_douyin.go:28.55,30.52 2 18
video-subscribe-dl/internal/scheduler/check_douyin.go:30.52,32.4 1 1
video-subscribe-dl/internal/scheduler/check_douyin.go:32.9,34.4 1 17
video-subscribe-dl/internal/scheduler/check_douyin.go:38.2,39.16 2 19
video-subscribe-dl/internal/scheduler/check_douyin.go:39.16,42.3 2 2
video-subscribe-dl/internal/scheduler/check_douyin.go:45.2,45.47 1 17
video-subscribe-dl/internal/scheduler/check_douyin.go:45.47,46.64 1 1
video-subscribe-dl/internal/scheduler/check_douyin.go:46.64,47.30 1 1
video-subscribe-dl/internal/scheduler/check_douyin.go:47.30,52.5 3 1
video-subscribe-dl/internal/scheduler/check_douyin.go:53.9,55.4 1 0
video-subscribe-dl/internal/scheduler/check_douyin.go:59.2,63.78 4 17
video-subscribe-dl/internal/scheduler/check_douyin.go:63.78,64.55 1 1
video-subscribe-dl/internal/scheduler/check_douyin.go:64.55,66.4 1 1
video-subscribe-dl/internal/scheduler/check_douyin.go:69.2,69.17 1 17
video-subscribe-dl/internal/scheduler/check_douyin.go:69.17,71.25 2 15
video-subscribe-dl/internal/scheduler/check_douyin.go:71.25,73.4 1 1
video-subscribe-dl/internal/scheduler/check_douyin.go:74.8,77.3 1 2
video-subscribe-dl/internal/scheduler/check_douyin.go:79.2,87.6 8 17
video-subscribe-dl/internal/scheduler/check_douyin.go:87.6,89.17 2 31
video-subscribe-dl/internal/scheduler/check_douyin.go:89.17,100.21 4 13
video-subscribe-dl/internal/scheduler/check_douyin.go:100.21,102.31 2 3
video-subscribe-dl/internal/scheduler/check_douyin.go:102.31,104.11 2 1
video-subscribe-dl/internal/scheduler/check_douyin.go:107.5,109.23 3 2
video-subscribe-dl/internal/scheduler/check_douyin.go:110.10,112.31 2 10
video-subscribe-dl/internal/scheduler/check_douyin.go:112.31,114.11 2 1
video-subscribe-dl/internal/scheduler/check_douyin.go:117.5,118.33 2 9
video-subscribe-dl/internal/scheduler/check_douyin.go:118.33,120.6 1 0
video-subscribe-dl/internal/scheduler/check_douyin.go:121.5,122.23 2 9
video-subscribe-dl/internal/scheduler/check_douyin.go:124.4,124.12 1 11
video-subscribe-dl/internal/scheduler/check_douyin.go:126.3,130.35 3 18
video-subscribe-dl/internal/scheduler/check_douyin.go:130.35,132.53 1 20
video-subscribe-dl/internal/scheduler/check_douyin.go:132.53,134.10 2 1
video-subscribe-dl/internal/scheduler/check_douyin.go:137.4,137.33 1 19
video-subscribe-dl/internal/scheduler/check_douyin.go:137.33,139.5 1 12
video-subscribe-dl/internal/scheduler/check_douyin.go:141.4,145.15 3 19
video-subscribe-dl/internal/scheduler/check_douyin.go:145.15,147.79 1 18
video-subscribe-dl/internal/scheduler/check_douyin.go:147.79,150.6 2 0
video-subscribe-dl/internal/scheduler/check_douyin.go:152.5,153.27 2 18
video-subscribe-dl/internal/scheduler/check_douyin.go:153.27,155.6 1 0
video-subscribe-dl/internal/scheduler/check_douyin.go:157.5,158.20 2 18
video-subscribe-dl/internal/scheduler/check_douyin.go:158.20,160.6 1 1
video-subscribe-dl/internal/scheduler/check_douyin.go:162.5,171.54 2 18
video-subscribe-dl/internal/scheduler/check_douyin.go:171.54,173.6 1 0
video-subscribe-dl/internal/scheduler/check_douyin.go:173.11,175.6 1 18
video-subscribe-dl/internal/scheduler/check_douyin.go:179.3,179.43 1 18
video-subscribe-dl/internal/scheduler/check_douyin.go:179.43,181.4 1 3
video-subscribe-dl/internal/scheduler/check_douyin.go:182.3,182.60 1 18
video-subscribe-dl/internal/scheduler/check_douyin.go:182.60,183.9 1 14
video-subscribe-dl/internal/scheduler/check_douyin.go:187.3,187.66 1 4
video-subscribe-dl/internal/scheduler/check_douyin.go:187.66,189.9 2 1
video-subscribe-dl/internal/scheduler/check_douyin.go:192.3,196.20 3 3
video-subscribe-dl/internal/scheduler/check_douyin.go:200.2,200.32 1 17
video-subscribe-dl/internal/scheduler/check_douyin.go:200.32,201.76 1 12
video-subscribe-dl/internal/scheduler/check_douyin.go:201.76,203.4 1 0
video-subscribe-dl/internal/scheduler/check_douyin.go:206.2,206.17 1 17
video-subscribe-dl/internal/scheduler/check_douyin.go:206.17,209.25 2 15
video-subscribe-dl/internal/scheduler/check_douyin.go:209.25,211.4 1 11
video-subscribe-dl/internal/scheduler/check_douyin.go:212.8,212.20 1 2
video-subscribe-dl/internal/scheduler/check_douyin.go:212.20,215.3 1 1
video-subscribe-dl/internal/scheduler/check_douyin.go:215.8,218.3 1 1
video-subscribe-dl/internal/scheduler/check_douyin.go:222.51,224.24 1 10
video-subscribe-dl/internal/scheduler/check_douyin.go:224.24,227.3 2 1
video-subscribe-dl/internal/scheduler/check_douyin.go:229.2,233.16 4 9
video-subscribe-dl/internal/scheduler/check_douyin.go:233.16,236.3 2 1
video-subscribe-dl/internal/scheduler/check_douyin.go:238.2,239.55 2 8
video-subscribe-dl/internal/scheduler/check_douyin.go:239.55,241.3 1 0
video-subscribe-dl/internal/scheduler/check_douyin.go:243.2,261.6 8 8
video-subscribe-dl/internal/scheduler/check_douyin.go:261.6,263.17 2 16
video-subscribe-dl/internal/scheduler/check_douyin.go:263.17,273.21 4 7
video-subscribe-dl/internal/scheduler/check_douyin.go:273.21,275.31 2 2
video-subscribe-dl/internal/scheduler/check_douyin.go:275.31,277.11 2 1
video-subscribe-dl/internal/scheduler/check_douyin.go:279.5,281.23 3 1
video-subscribe-dl/internal/scheduler/check_douyin.go:282.10,284.31 2 5
video-subscribe-dl/internal/scheduler/check_douyin.go:284.31,286.11 2 1
video-subscribe-dl/internal/scheduler/check_douyin.go:288.5,289.33 2 4
video-subscribe-dl/internal/scheduler/check_douyin.go:289.33,291.6 1 0
video-subscribe-dl/internal/scheduler/check_douyin.go:292.5,293.23 2 4
video-subscribe-dl/internal/scheduler/check_douyin.go:295.4,295.12 1 5
video-subscribe-dl/internal/scheduler/check_douyin.go:297.3,300.35 3 9
video-subscribe-dl/internal/scheduler/check_douyin.go:300.35,301.26 1 15
video-subscribe-dl/internal/scheduler/check_douyin.go:301.26,302.13 1 1
video-subscribe-dl/internal/scheduler/check_douyin.go:304.4,307.19 3 14
video-subscribe-dl/internal/scheduler/check_douyin.go:307.19,309.5 1 1
video-subscribe-dl/internal/scheduler/check_douyin.go:310.4,311.24 2 14
video-subscribe-dl/internal/scheduler/check_douyin.go:311.24,313.5 1 1
video-subscribe-dl/internal/scheduler/check_douyin.go:315.4,322.6 1 14
video-subscribe-dl/internal/scheduler/check_douyin.go:325.3,325.16 1 9
video-subscribe-dl/internal/scheduler/check_douyin.go:325.16,327.4 1 8
video-subscribe-dl/internal/scheduler/check_douyin.go:329.3,329.49 1 9
video-subscribe-dl/internal/scheduler/check_douyin.go:329.49,330.9 1 6
video-subscribe-dl/internal/scheduler/check_douyin.go:333.3,337.20 3 3
video-subscribe-dl/internal/scheduler/check_douyin.go:340.2,344.30 3 8
video-subscribe-dl/internal/scheduler/check_douyin.go:344.30,346.14 2 14
video-subscribe-dl/internal/scheduler/check_douyin.go:346.14,348.4 1 12
video-subscribe-dl/internal/scheduler/check_douyin.go:351.2,354.23 2 8
video-subscribe-dl/internal/scheduler/check_douyin.go:354.23,357.3 2 1
video-subscribe-dl/internal/scheduler/check_douyin.go:360.2,362.28 3 7
video-subscribe-dl/internal/scheduler/check_douyin.go:362.28,363.32 1 12
video-subscribe-dl/internal/scheduler/check_douyin.go:363.32,365.4 1 7
video-subscribe-dl/internal/scheduler/check_douyin.go:367.3,376.52 2 12
video-subscribe-dl/internal/scheduler/check_douyin.go:376.52,378.12 2 0
video-subscribe-dl/internal/scheduler/check_douyin.go:380.3,380.12 1 12
video-subscribe-dl/internal/scheduler/check_douyin.go:384.2,385.32 2 7
video-subscribe-dl/internal/scheduler/check_douyin.go:385.32,386.76 1 7
video-subscribe-dl/internal/scheduler/check_douyin.go:386.76,388.4 1 0
video-subscribe-dl/internal/scheduler/check_douyin.go:391.2,394.17 2 7
video-subscribe-dl/internal/scheduler/check_douyin.go:394.17,396.3 1 7
video-subscribe-dl/internal/scheduler/check_douyin.go:400.90,403.16 2 31
video-subscribe-dl/internal/scheduler/check_douyin.go:403.16,405.3 1 26
video-subscribe-dl/internal/scheduler/check_douyin.go:408.2,409.16 2 5
video-subscribe-dl/internal/scheduler/check_douyin.go:409.16,411.3 1 2
video-subscribe-dl/internal/scheduler/check_douyin.go:413.2,413.62 1 3
video-subscribe-dl/internal/scheduler/check_douyin.go:413.62,415.3 1 1
video-subscribe-dl/internal/scheduler/check_douyin.go:417.2,417.68 1 2
video-subscribe-dl/internal/scheduler/check_douyin.go:421.57,423.75 1 3
video-subscribe-dl/internal/scheduler/check_douyin.go:423.75,425.3 1 1
video-subscribe-dl/internal/scheduler/check_douyin.go:427.2,427.63 1 2
video-subscribe-dl/internal/scheduler/check_douyin.go:427.63,429.3 1 1
video-subscribe-dl/internal/scheduler/check_douyin.go:430.2,430.11 1 1
video-subscribe-dl/internal/scheduler/check_favorite.go:15.50,19.16 3 0
video-subscribe-dl/internal/scheduler/check_favorite.go:19.16,22.3 2 0
video-subscribe-dl/internal/scheduler/check_favorite.go:25.2,25.18 1 0
video-subscribe-dl/internal/scheduler/check_favorite.go:25.18,27.17 2 0
video-subscribe-dl/internal/scheduler/check_favorite.go:27.17,28.35 1 0
video-subscribe-dl/internal/scheduler/check_favorite.go:28.35,31.5 2 0
video-subscribe-dl/internal/scheduler/check_favorite.go:32.4,33.10 2 0
video-subscribe-dl/internal/scheduler/check_favorite.go:35.3,35.24 1 0
video-subscribe-dl/internal/scheduler/check_favorite.go:35.24,38.4 2 0
video-subscribe-dl/internal/scheduler/check_favorite.go:39.3,40.78 2 0
video-subscribe-dl/internal/scheduler/check_favorite.go:44.2,45.16 2 0
video-subscribe-dl/internal/scheduler/check_favorite.go:45.16,46.34 1 0
video-subscribe-dl/internal/scheduler/check_favorite.go:46.34,48.4 1 0
video-subscribe-dl/internal/scheduler/check_favorite.go:48.9,50.4 1 0
video-subscribe-dl/internal/scheduler/check_favorite.go:51.3,51.9 1 0
video-subscribe-dl/internal/scheduler/check_favorite.go:54.2,54.70 1 0
video-subscribe-dl/internal/scheduler/check_favorite.go:54.70,57.3 2 0
video-subscribe-dl/internal/scheduler/check_favorite.go:59.2,59.23 1 0
video-subscribe-dl/internal/scheduler/check_favorite.go:59.23,61.3 1 0
video-subscribe-dl/internal/scheduler/check_favorite.go:64.2,68.78 4 0
video-subscribe-dl/internal/scheduler/check_favorite.go:68.78,69.55 1 0
video-subscribe-dl/internal/scheduler/check_favorite.go:69.55,71.4 1 0
video-subscribe-dl/internal/scheduler/check_favorite.go:74.2,74.17 1 0
video-subscribe-dl/internal/scheduler/check_favorite.go:74.17,76.3 1 0
video-subscribe-dl/internal/scheduler/check_favorite.go:76.8,79.3 1 0
video-subscribe-dl/internal/scheduler/check_favorite.go:81.2,88.6 7 0
video-subscribe-dl/internal/scheduler/check_favorite.go:88.6,90.17 2 0
video-subscribe-dl/internal/scheduler/check_favorite.go:90.17,91.35 1 0
video-subscribe-dl/internal/scheduler/check_favorite.go:91.35,94.5 2 0
video-subscribe-dl/internal/scheduler/check_favorite.go:95.4,96.9 2 0
video-subscribe-dl/internal/scheduler/check_favorite.go:98.3,98.16 1 0
video-subscribe-dl/internal/scheduler/check_favorite.go:98.16,99.19 1 0
video-subscribe-dl/internal/scheduler/check_favorite.go:99.19,101.5 1 0
video-subscribe-dl/internal/scheduler/check_favorite.go:104.3,104.28 1 0
video-subscribe-dl/internal/scheduler/check_favorite.go:104.28,105.20 1 0
video-subscribe-dl/internal/scheduler/check_favorite.go:105.20,106.13 1 0
video-subscribe-dl/internal/scheduler/check_favorite.go:109.4,112.50 2 0
video-subscribe-dl/internal/scheduler/check_favorite.go:112.50,114.10 2 0
video-subscribe-dl/internal/scheduler/check_favorite.go:117.4,117.30 1 0
video-subscribe-dl/internal/scheduler/check_favorite.go:117.30,119.5 1 0
video-subscribe-dl/internal/scheduler/check_favorite.go:121.4,126.28 5 0
video-subscribe-dl/internal/scheduler/check_favorite.go:126.28,129.5 2 0
video-subscribe-dl/internal/scheduler/check_favorite.go:130.4,130.100 1 0
video-subscribe-dl/internal/scheduler/check_favorite.go:133.3,133.14 1 0
video-subscribe-dl/internal/scheduler/check_favorite.go:133.14,134.9 1 0
video-subscribe-dl/internal/scheduler/check_favorite.go:136.3,136.41 1 0
video-subscribe-dl/internal/scheduler/check_favorite.go:136.41,137.9 1 0
video-subscribe-dl/internal/scheduler/check_favorite.go:141.3,141.66 1 0
video-subscribe-dl/internal/scheduler/check_favorite.go:141.66,143.9 2 0
video-subscribe-dl/internal/scheduler/check_favorite.go:146.3,147.67 2 0
video-subscribe-dl/internal/scheduler/check_favorite.go:151.2,151.32 1 0
video-subscribe-dl/internal/scheduler/check_favorite.go:151.32,152.76 1 0
video-subscribe-dl/internal/scheduler/check_favorite.go:152.76,154.4 1 0
video-subscribe-dl/internal/scheduler/check_favorite.go:157.2,157.17 1 0
video-subscribe-dl/internal/scheduler/check_favorite.go:157.17,159.3 1 0
video-subscribe-dl/internal/scheduler/check_favorite.go:159.8,159.20 1 0
video-subscribe-dl/internal/scheduler/check_favorite.go:159.20,162.3 1 0
video-subscribe-dl/internal/scheduler/check_favorite.go:162.8,165.3 1 0
video-subscribe-dl/internal/scheduler/check_season.go:13.48,17.16 3 0
video-subscribe-dl/internal/scheduler/check_season.go:17.16,20.3 2 0
video-subscribe-dl/internal/scheduler/check_season.go:22.2,23.16 2 0
video-subscribe-dl/internal/scheduler/check_season.go:23.16,24.34 1 0
video-subscribe-dl/internal/scheduler/check_season.go:24.34,26.4 1 0
video-subscribe-dl/internal/scheduler/check_season.go:26.9,28.4 1 0
video-subscribe-dl/internal/scheduler/check_season.go:29.3,29.9 1 0
video-subscribe-dl/internal/scheduler/check_season.go:32.2,32.23 1 0
video-subscribe-dl/internal/scheduler/check_season.go:32.23,35.3 2 0
video-subscribe-dl/internal/scheduler/check_season.go:37.2,40.88 3 0
video-subscribe-dl/internal/scheduler/check_series.go:17.48,19.16 2 0
video-subscribe-dl/internal/scheduler/check_series.go:19.16,22.18 2 0
video-subscribe-dl/internal/scheduler/check_series.go:22.18,25.4 2 0
video-subscribe-dl/internal/scheduler/check_series.go:26.3,27.21 2 0
video-subscribe-dl/internal/scheduler/check_series.go:30.2,33.16 3 0
video-subscribe-dl/internal/scheduler/check_series.go:33.16,34.34 1 0
video-subscribe-dl/internal/scheduler/check_series.go:34.34,37.4 2 0
video-subscribe-dl/internal/scheduler/check_series.go:38.3,39.9 2 0
video-subscribe-dl/internal/scheduler/check_series.go:42.2,49.16 5 0
video-subscribe-dl/internal/scheduler/check_series.go:49.16,50.34 1 0
video-subscribe-dl/internal/scheduler/check_series.go:50.34,53.4 2 0
video-subscribe-dl/internal/scheduler/check_series.go:54.3,55.9 2 0
video-subscribe-dl/internal/scheduler/check_series.go:58.2,68.78 7 0
video-subscribe-dl/internal/scheduler/check_series.go:68.78,69.55 1 0
video-subscribe-dl/internal/scheduler/check_series.go:69.55,71.4 1 0
video-subscribe-dl/internal/scheduler/check_series.go:74.2,74.17 1 0
video-subscribe-dl/internal/scheduler/check_series.go:74.17,76.3 1 0
video-subscribe-dl/internal/scheduler/check_series.go:76.8,79.3 1 0
video-subscribe-dl/internal/scheduler/check_series.go:82.2,83.17 2 0
video-subscribe-dl/internal/scheduler/check_series.go:83.17,85.3 1 0
video-subscribe-dl/internal/scheduler/check_series.go:87.2,94.6 7 0
video-subscribe-dl/internal/scheduler/check_series.go:94.6,96.17 2 0
video-subscribe-dl/internal/scheduler/check_series.go:96.17,97.35 1 0
video-subscribe-dl/internal/scheduler/check_series.go:97.35,100.5 2 0
video-subscribe-dl/internal/scheduler/check_series.go:101.4,102.9 2 0
video-subscribe-dl/internal/scheduler/check_series.go:105.3,105.30 1 0
video-subscribe-dl/internal/scheduler/check_series.go:105.30,109.50 2 0
video-subscribe-dl/internal/scheduler/check_series.go:109.50,111.10 2 0
video-subscribe-dl/internal/scheduler/check_series.go:114.4,114.30 1 0
video-subscribe-dl/internal/scheduler/check_series.go:114.30,116.5 1 0
video-subscribe-dl/internal/scheduler/check_series.go:118.4,118.40 1 0
video-subscribe-dl/internal/scheduler/check_series.go:121.3,121.14 1 0
video-subscribe-dl/internal/scheduler/check_series.go:121.14,122.9 1 0
video-subscribe-dl/internal/scheduler/check_series.go:124.3,124.31 1 0
video-subscribe-dl/internal/scheduler/check_series.go:124.31,125.9 1 0
video-subscribe-dl/internal/scheduler/check_series.go:129.3,129.66 1 0
video-subscribe-dl/internal/scheduler/check_series.go:129.66,131.9 2 0
video-subscribe-dl/internal/scheduler/check_series.go:134.3,135.67 2 0
video-subscribe-dl/internal/scheduler/check_series.go:139.2,139.32 1 0
video-subscribe-dl/internal/scheduler/check_series.go:139.32,140.76 1 0
video-subscribe-dl/internal/scheduler/check_series.go:140.76,142.4 1 0
video-subscribe-dl/internal/scheduler/check_series.go:145.2,145.17 1 0
video-subscribe-dl/internal/scheduler/check_series.go:145.17,147.3 1 0
video-subscribe-dl/internal/scheduler/check_series.go:147.8,147.20 1 0
video-subscribe-dl/internal/scheduler/check_series.go:147.20,150.3 1 0
video-subscribe-dl/internal/scheduler/check_series.go:150.8,153.3 1 0
video-subscribe-dl/internal/scheduler/check_series.go:156.2,157.26 2 0
video-subscribe-dl/internal/scheduler/check_series.go:157.26,159.3 1 0
video-subscribe-dl/internal/scheduler/check_series.go:160.2,166.54 2 0
video-subscribe-dl/internal/scheduler/check_series.go:166.54,168.56 2 0
video-subscribe-dl/internal/scheduler/check_series.go:168.56,169.80 1 0
video-subscribe-dl/internal/scheduler/check_series.go:169.80,171.5 1 0
video-subscribe-dl/internal/scheduler/check_series.go:175.2,175.32 1 0
video-subscribe-dl/internal/scheduler/check_series.go:175.32,177.3 1 0
video-subscribe-dl/internal/scheduler/check_up.go:14.44,18.16 3 0
video-subscribe-dl/internal/scheduler/check_up.go:18.16,21.3 2 0
video-subscribe-dl/internal/scheduler/check_up.go:25.2,26.16 2 0
video-subscribe-dl/internal/scheduler/check_up.go:26.16,27.48 1 0
video-subscribe-dl/internal/scheduler/check_up.go:27.48,30.4 2 0
video-subscribe-dl/internal/scheduler/check_up.go:30.9,33.4 2 0
video-subscribe-dl/internal/scheduler/check_up.go:36.2,36.70 1 0
video-subscribe-dl/internal/scheduler/check_up.go:36.70,39.3 2 0
video-subscribe-dl/internal/scheduler/check_up.go:41.2,41.23 1 0
video-subscribe-dl/internal/scheduler/check_up.go:41.23,44.3 2 0
video-subscribe-dl/internal/scheduler/check_up.go:46.2,55.78 6 0
video-subscribe-dl/internal/scheduler/check_up.go:55.78,56.55 1 0
video-subscribe-dl/internal/scheduler/check_up.go:56.55,58.4 1 0
video-subscribe-dl/internal/scheduler/check_up.go:61.2,61.17 1 0
video-subscribe-dl/internal/scheduler/check_up.go:61.17,63.25 2 0
video-subscribe-dl/internal/scheduler/check_up.go:63.25,65.4 1 0
video-subscribe-dl/internal/scheduler/check_up.go:66.8,69.3 1 0
video-subscribe-dl/internal/scheduler/check_up.go:72.2,72.23 1 0
video-subscribe-dl/internal/scheduler/check_up.go:72.23,75.3 2 0
video-subscribe-dl/internal/scheduler/check_up.go:77.2,87.6 10 0
video-subscribe-dl/internal/scheduler/check_up.go:87.6,89.17 2 0
video-subscribe-dl/internal/scheduler/check_up.go:89.17,90.67 1 0
video-subscribe-dl/internal/scheduler/check_up.go:90.67,92.18 1 0
video-subscribe-dl/internal/scheduler/check_up.go:92.18,96.6 3 0
video-subscribe-dl/internal/scheduler/check_up.go:97.5,97.36 1 0
video-subscribe-dl/internal/scheduler/check_up.go:97.36,99.6 1 0
video-subscribe-dl/internal/scheduler/check_up.go:100.5,100.11 1 0
video-subscribe-dl/internal/scheduler/check_up.go:102.4,103.9 2 0
video-subscribe-dl/internal/scheduler/check_up.go:105.3,105.16 1 0
video-subscribe-dl/internal/scheduler/check_up.go:105.16,106.19 1 0
video-subscribe-dl/internal/scheduler/check_up.go:106.19,108.5 1 0
video-subscribe-dl/internal/scheduler/check_up.go:108.10,110.5 1 0
video-subscribe-dl/internal/scheduler/check_up.go:113.3,113.28 1 0
video-subscribe-dl/internal/scheduler/check_up.go:113.28,115.50 1 0
video-subscribe-dl/internal/scheduler/check_up.go:115.50,117.10 2 0
video-subscribe-dl/internal/scheduler/check_up.go:121.4,121.30 1 0
video-subscribe-dl/internal/scheduler/check_up.go:121.30,123.5 1 0
video-subscribe-dl/internal/scheduler/check_up.go:125.4,127.69 2 0
video-subscribe-dl/internal/scheduler/check_up.go:127.69,130.5 2 0
video-subscribe-dl/internal/scheduler/check_up.go:131.4,131.18 1 0
video-subscribe-dl/internal/scheduler/check_up.go:131.18,133.13 2 0
video-subscribe-dl/internal/scheduler/check_up.go:135.4,135.30 1 0
video-subscribe-dl/internal/scheduler/check_up.go:135.30,136.13 1 0
video-subscribe-dl/internal/scheduler/check_up.go:138.4,140.19 2 0
video-subscribe-dl/internal/scheduler/check_up.go:140.19,144.16 2 0
video-subscribe-dl/internal/scheduler/check_up.go:144.16,153.55 2 0
video-subscribe-dl/internal/scheduler/check_up.go:153.55,155.7 1 0
video-subscribe-dl/internal/scheduler/check_up.go:155.12,157.7 1 0
video-subscribe-dl/internal/scheduler/check_up.go:159.10,164.5 2 0
video-subscribe-dl/internal/scheduler/check_up.go:167.3,169.14 2 0
video-subscribe-dl/internal/scheduler/check_up.go:169.14,170.9 1 0
video-subscribe-dl/internal/scheduler/check_up.go:173.3,173.54 1 0
video-subscribe-dl/internal/scheduler/check_up.go:173.54,174.9 1 0
video-subscribe-dl/internal/scheduler/check_up.go:178.3,178.66 1 0
video-subscribe-dl/internal/scheduler/check_up.go:178.66,180.9 2 0
video-subscribe-dl/internal/scheduler/check_up.go:183.3,185.69 2 0
video-subscribe-dl/internal/scheduler/check_up.go:189.2,189.32 1 0
video-subscribe-dl/internal/scheduler/check_up.go:189.32,190.76 1 0
video-subscribe-dl/internal/scheduler/check_up.go:190.76,192.4 1 0
video-subscribe-dl/internal/scheduler/check_up.go:195.2,195.17 1 0
video-subscribe-dl/internal/scheduler/check_up.go:195.17,199.34 2 0
video-subscribe-dl/internal/scheduler/check_up.go:199.34,201.4 1 0
video-subscribe-dl/internal/scheduler/check_up.go:202.8,202.20 1 0
video-subscribe-dl/internal/scheduler/check_up.go:202.20,205.3 1 0
video-subscribe-dl/internal/scheduler/check_up.go:205.8,208.3 1 0
video-subscribe-dl/internal/scheduler/check_up.go:213.120,215.17 1 0
video-subscribe-dl/internal/scheduler/check_up.go:215.17,217.3 1 0
video-subscribe-dl/internal/scheduler/check_up.go:217.8,220.3 1 0
video-subscribe-dl/internal/scheduler/check_up.go:222.2,223.16 2 0
video-subscribe-dl/internal/scheduler/check_up.go:223.16,224.34 1 0
video-subscribe-dl/internal/scheduler/check_up.go:224.34,227.4 2 0
video-subscribe-dl/internal/scheduler/check_up.go:228.3,229.9 2 0
video-subscribe-dl/internal/scheduler/check_up.go:232.2,239.39 6 0
video-subscribe-dl/internal/scheduler/check_up.go:239.39,241.3 1 0
video-subscribe-dl/internal/scheduler/check_up.go:243.2,243.27 1 0
video-subscribe-dl/internal/scheduler/check_up.go:243.27,244.29 1 0
video-subscribe-dl/internal/scheduler/check_up.go:244.29,245.12 1 0
video-subscribe-dl/internal/scheduler/check_up.go:247.3,249.27 2 0
video-subscribe-dl/internal/scheduler/check_up.go:249.27,251.4 1 0
video-subscribe-dl/internal/scheduler/check_up.go:253.3,255.44 2 0
video-subscribe-dl/internal/scheduler/check_up.go:255.44,257.9 2 0
video-subscribe-dl/internal/scheduler/check_up.go:260.3,260.18 1 0
video-subscribe-dl/internal/scheduler/check_up.go:260.18,263.15 2 0
video-subscribe-dl/internal/scheduler/check_up.go:263.15,272.54 2 0
video-subscribe-dl/internal/scheduler/check_up.go:272.54,274.6 1 0
video-subscribe-dl/internal/scheduler/check_up.go:274.11,276.6 1 0
video-subscribe-dl/internal/scheduler/check_up.go:278.9,282.4 2 0
video-subscribe-dl/internal/scheduler/check_up.go:286.2,286.32 1 0
video-subscribe-dl/internal/scheduler/check_up.go:286.32,287.76 1 0
video-subscribe-dl/internal/scheduler/check_up.go:287.76,289.4 1 0
video-subscribe-dl/internal/scheduler/check_up.go:292.2,292.17 1 0
video-subscribe-dl/internal/scheduler/check_up.go:292.17,295.34 2 0
video-subscribe-dl/internal/scheduler/check_up.go:295.34,297.4 1 0
video-subscribe-dl/internal/scheduler/check_up.go:298.8,300.3 1 0
video-subscribe-dl/internal/scheduler/check_up.go:304.52,306.30 2 0
video-subscribe-dl/internal/scheduler/check_up.go:306.30,309.3 2 0
video-subscribe-dl/internal/scheduler/check_up.go:312.2,313.33 2 0
video-subscribe-dl/internal/scheduler/check_up.go:313.33,317.3 3 0
video-subscribe-dl/internal/scheduler/check_up.go:318.2,322.12 4 0
video-subscribe-dl/internal/scheduler/check_up.go:322.12,324.16 2 0
video-subscribe-dl/internal/scheduler/check_up.go:324.16,328.4 3 0
video-subscribe-dl/internal/scheduler/check_up.go:329.3,330.19 2 0
video-subscribe-dl/internal/scheduler/check_up.go:331.17,333.26 1 0
video-subscribe-dl/internal/scheduler/check_up.go:334.11,335.22 1 0
video-subscribe-dl/internal/scheduler/check_up.go:337.3,337.83 1 0
video-subscribe-dl/internal/scheduler/check_up.go:341.47,343.26 1 0
video-subscribe-dl/internal/scheduler/check_up.go:343.26,346.3 2 0
video-subscribe-dl/internal/scheduler/check_up.go:348.2,351.16 3 0
video-subscribe-dl/internal/scheduler/check_up.go:351.16,354.3 2 0
video-subscribe-dl/internal/scheduler/check_up.go:357.2,358.55 2 0
video-subscribe-dl/internal/scheduler/check_up.go:358.55,360.3 1 0
video-subscribe-dl/internal/scheduler/check_up.go:363.2,374.6 7 0
video-subscribe-dl/internal/scheduler/check_up.go:374.6,375.27 1 0
video-subscribe-dl/internal/scheduler/check_up.go:375.27,378.4 2 0
video-subscribe-dl/internal/scheduler/check_up.go:380.3,381.17 2 0
video-subscribe-dl/internal/scheduler/check_up.go:381.17,382.35 1 0
video-subscribe-dl/internal/scheduler/check_up.go:382.35,386.10 3 0
video-subscribe-dl/internal/scheduler/check_up.go:388.4,389.9 2 0
video-subscribe-dl/internal/scheduler/check_up.go:391.3,391.16 1 0
video-subscribe-dl/internal/scheduler/check_up.go:391.16,393.4 1 0
video-subscribe-dl/internal/scheduler/check_up.go:395.3,395.28 1 0
video-subscribe-dl/internal/scheduler/check_up.go:395.28,396.30 1 0
video-subscribe-dl/internal/scheduler/check_up.go:396.30,397.13 1 0
video-subscribe-dl/internal/scheduler/check_up.go:399.4,400.87 2 0
video-subscribe-dl/internal/scheduler/check_up.go:403.3,403.61 1 0
video-subscribe-dl/internal/scheduler/check_up.go:403.61,404.9 1 0
video-subscribe-dl/internal/scheduler/check_up.go:407.3,408.69 2 0
video-subscribe-dl/internal/scheduler/check_up.go:412.2,413.30 2 0
video-subscribe-dl/internal/scheduler/check_up.go:413.30,415.14 2 0
video-subscribe-dl/internal/scheduler/check_up.go:415.14,417.4 1 0
video-subscribe-dl/internal/scheduler/check_up.go:420.2,423.23 2 0
video-subscribe-dl/internal/scheduler/check_up.go:423.23,426.3 2 0
video-subscribe-dl/internal/scheduler/check_up.go:429.2,430.28 2 0
video-subscribe-dl/internal/scheduler/check_up.go:430.28,439.52 2 0
video-subscribe-dl/internal/scheduler/check_up.go:439.52,441.12 2 0
video-subscribe-dl/internal/scheduler/check_up.go:443.3,443.12 1 0
video-subscribe-dl/internal/scheduler/check_up.go:446.2,449.17 2 0
video-subscribe-dl/internal/scheduler/check_up.go:449.17,451.3 1 0
video-subscribe-dl/internal/scheduler/check_up.go:459.99,464.8 4 0
video-subscribe-dl/internal/scheduler/check_up.go:464.8,466.48 2 0
video-subscribe-dl/internal/scheduler/check_up.go:466.48,468.4 1 0
video-subscribe-dl/internal/scheduler/check_up.go:469.3,469.73 1 0
video-subscribe-dl/internal/scheduler/check_up.go:469.73,472.4 1 0
video-subscribe-dl/internal/scheduler/check_up.go:475.2,478.16 3 0
video-subscribe-dl/internal/scheduler/check_up.go:478.16,480.3 1 0
video-subscribe-dl/internal/scheduler/check_up.go:480.8,482.3 1 0
video-subscribe-dl/internal/scheduler/check_up.go:483.2,485.18 2 0
video-subscribe-dl/internal/scheduler/check_watchlater.go:12.52,16.16 3 0
video-subscribe-dl/internal/scheduler/check_watchlater.go:16.16,17.34 1 0
video-subscribe-dl/internal/scheduler/check_watchlater.go:17.34,20.4 2 0
video-subscribe-dl/internal/scheduler/check_watchlater.go:21.3,22.9 2 0
video-subscribe-dl/internal/scheduler/check_watchlater.go:25.2,27.27 2 0
video-subscribe-dl/internal/scheduler/check_watchlater.go:27.27,28.19 1 0
video-subscribe-dl/internal/scheduler/check_watchlater.go:28.19,29.12 1 0
video-subscribe-dl/internal/scheduler/check_watchlater.go:31.3,34.27 4 0
video-subscribe-dl/internal/scheduler/check_watchlater.go:34.27,37.4 2 0
video-subscribe-dl/internal/scheduler/check_watchlater.go:38.3,38.99 1 0
video-subscribe-dl/internal/scheduler/cleanup.go:24.53,26.61 2 0
video-subscribe-dl/internal/scheduler/cleanup.go:26.61,28.3 1 0
video-subscribe-dl/internal/scheduler/cleanup.go:29.2,30.38 2 0
video-subscribe-dl/internal/scheduler/cleanup.go:30.38,32.3 1 0
video-subscribe-dl/internal/scheduler/cleanup.go:34.2,37.16 3 0
video-subscribe-dl/internal/scheduler/cleanup.go:37.16,40.3 2 0
video-subscribe-dl/internal/scheduler/cleanup.go:42.2,42.25 1 0
video-subscribe-dl/internal/scheduler/cleanup.go:42.25,45.3 2 0
video-subscribe-dl/internal/scheduler/cleanup.go:47.2,48.31 2 0
video-subscribe-dl/internal/scheduler/cleanup.go:48.31,49.24 1 0
video-subscribe-dl/internal/scheduler/cleanup.go:49.24,50.12 1 0
video-subscribe-dl/internal/scheduler/cleanup.go:54.3,54.71 1 0
video-subscribe-dl/internal/scheduler/cleanup.go:54.71,57.12 3 0
video-subscribe-dl/internal/scheduler/cleanup.go:61.3,64.38 4 0
video-subscribe-dl/internal/scheduler/cleanup.go:64.38,67.4 2 0
video-subscribe-dl/internal/scheduler/cleanup.go:70.3,73.57 2 0
video-subscribe-dl/internal/scheduler/cleanup.go:73.57,76.12 3 0
video-subscribe-dl/internal/scheduler/cleanup.go:79.3,81.90 3 0
video-subscribe-dl/internal/scheduler/cleanup.go:84.2,84.29 1 0
video-subscribe-dl/internal/scheduler/cleanup.go:84.29,89.3 3 0
video-subscribe-dl/internal/scheduler/cleanup.go:91.2,91.15 1 0
video-subscribe-dl/internal/scheduler/cleanup.go:96.61,98.45 2 0
video-subscribe-dl/internal/scheduler/cleanup.go:98.45,100.3 1 0
video-subscribe-dl/internal/scheduler/cleanup.go:102.2,103.74 2 0
video-subscribe-dl/internal/scheduler/cleanup.go:103.74,104.73 1 0
video-subscribe-dl/internal/scheduler/cleanup.go:104.73,106.4 1 0
video-subscribe-dl/internal/scheduler/cleanup.go:109.2,110.16 2 0
video-subscribe-dl/internal/scheduler/cleanup.go:110.16,112.3 1 0
video-subscribe-dl/internal/scheduler/cleanup.go:113.2,114.26 2 0
video-subscribe-dl/internal/scheduler/cleanup.go:114.26,116.3 1 0
video-subscribe-dl/internal/scheduler/cleanup.go:118.2,123.16 3 0
video-subscribe-dl/internal/scheduler/cleanup.go:123.16,126.3 2 0
video-subscribe-dl/internal/scheduler/cleanup.go:128.2,129.31 2 0
video-subscribe-dl/internal/scheduler/cleanup.go:129.31,132.41 2 0
video-subscribe-dl/internal/scheduler/cleanup.go:132.41,133.9 1 0
video-subscribe-dl/internal/scheduler/cleanup.go:136.3,136.24 1 0
video-subscribe-dl/internal/scheduler/cleanup.go:136.24,137.12 1 0
video-subscribe-dl/internal/scheduler/cleanup.go:140.3,140.71 1 0
video-subscribe-dl/internal/scheduler/cleanup.go:140.71,142.12 2 0
video-subscribe-dl/internal/scheduler/cleanup.go:146.3,148.70 3 0
video-subscribe-dl/internal/scheduler/cleanup.go:148.70,150.4 1 0
video-subscribe-dl/internal/scheduler/cleanup.go:151.3,155.35 4 0
video-subscribe-dl/internal/scheduler/cleanup.go:158.2,158.29 1 0
video-subscribe-dl/internal/scheduler/cleanup.go:158.29,163.3 3 0
video-subscribe-dl/internal/scheduler/cleanup.go:165.2,165.15 1 0
video-subscribe-dl/internal/scheduler/cleanup.go:169.34,170.25 1 4
video-subscribe-dl/internal/scheduler/cleanup.go:170.25,172.37 2 10
video-subscribe-dl/internal/scheduler/cleanup.go:172.37,173.9 1 2
video-subscribe-dl/internal/scheduler/cleanup.go:175.3,175.40 1 8
video-subscribe-dl/internal/scheduler/cleanup.go:175.40,176.9 1 0
video-subscribe-dl/internal/scheduler/cleanup.go:178.3,178.26 1 8
video-subscribe-dl/internal/scheduler/douyin_api.go:23.41,25.2 1 0
video-subscribe-dl/internal/scheduler/douyin_cookie.go:12.44,14.16 2 3
video-subscribe-dl/internal/scheduler/douyin_cookie.go:14.16,17.3 2 0
video-subscribe-dl/internal/scheduler/douyin_cookie.go:18.2,19.18 2 3
video-subscribe-dl/internal/scheduler/douyin_cookie.go:19.18,22.3 2 2
video-subscribe-dl/internal/scheduler/douyin_cookie.go:22.8,24.3 1 1
video-subscribe-dl/internal/scheduler/douyin_cookie.go:30.55,32.2 1 1
video-subscribe-dl/internal/scheduler/filter.go:30.47,31.18 1 18
video-subscribe-dl/internal/scheduler/filter.go:31.18,33.3 1 1
video-subscribe-dl/internal/scheduler/filter.go:35.2,38.70 2 17
video-subscribe-dl/internal/scheduler/filter.go:38.70,41.17 3 3
video-subscribe-dl/internal/scheduler/filter.go:41.17,43.4 1 1
video-subscribe-dl/internal/scheduler/filter.go:44.3,44.31 1 2
video-subscribe-dl/internal/scheduler/filter.go:48.2,48.36 1 14
video-subscribe-dl/internal/scheduler/filter.go:48.36,50.31 2 5
video-subscribe-dl/internal/scheduler/filter.go:50.31,52.81 2 7
video-subscribe-dl/internal/scheduler/filter.go:52.81,54.5 1 3
video-subscribe-dl/internal/scheduler/filter.go:56.3,56.14 1 2
video-subscribe-dl/internal/scheduler/filter.go:60.2,61.30 2 9
video-subscribe-dl/internal/scheduler/filter.go:61.30,63.80 2 15
video-subscribe-dl/internal/scheduler/filter.go:63.80,65.4 1 5
video-subscribe-dl/internal/scheduler/filter.go:67.2,67.14 1 4
video-subscribe-dl/internal/scheduler/filter.go:71.54,72.42 1 4
video-subscribe-dl/internal/scheduler/filter.go:72.42,74.3 1 2
video-subscribe-dl/internal/scheduler/filter.go:75.2,76.66 2 2
video-subscribe-dl/internal/scheduler/filter.go:76.66,78.3 1 1
video-subscribe-dl/internal/scheduler/filter.go:79.2,79.14 1 1
video-subscribe-dl/internal/scheduler/filter.go:85.66,86.29 1 28
video-subscribe-dl/internal/scheduler/filter.go:86.29,87.32 1 28
video-subscribe-dl/internal/scheduler/filter.go:87.32,89.4 1 11
video-subscribe-dl/internal/scheduler/filter.go:91.2,91.13 1 17
video-subscribe-dl/internal/scheduler/filter.go:95.57,96.21 1 28
video-subscribe-dl/internal/scheduler/filter.go:97.15,98.65 1 10
video-subscribe-dl/internal/scheduler/filter.go:99.18,100.82 1 13
video-subscribe-dl/internal/scheduler/filter.go:101.17,102.67 1 0
video-subscribe-dl/internal/scheduler/filter.go:103.15,104.79 1 2
video-subscribe-dl/internal/scheduler/filter.go:105.14,106.64 1 2
video-subscribe-dl/internal/scheduler/filter.go:107.10,108.14 1 1
video-subscribe-dl/internal/scheduler/filter.go:113.58,117.19 3 12
video-subscribe-dl/internal/scheduler/filter.go:118.18,119.49 1 7
video-subscribe-dl/internal/scheduler/filter.go:120.22,121.50 1 2
video-subscribe-dl/internal/scheduler/filter.go:122.15,124.17 2 3
video-subscribe-dl/internal/scheduler/filter.go:124.17,126.4 1 1
video-subscribe-dl/internal/scheduler/filter.go:127.3,127.30 1 2
video-subscribe-dl/internal/scheduler/filter.go:128.12,129.22 1 0
video-subscribe-dl/internal/scheduler/filter.go:130.12,131.22 1 0
video-subscribe-dl/internal/scheduler/filter.go:132.17,133.15 1 0
video-subscribe-dl/internal/scheduler/filter.go:134.10,135.14 1 0
video-subscribe-dl/internal/scheduler/filter.go:140.73,142.16 2 15
video-subscribe-dl/internal/scheduler/filter.go:142.16,144.3 1 1
video-subscribe-dl/internal/scheduler/filter.go:146.2,146.19 1 14
video-subscribe-dl/internal/scheduler/filter.go:147.12,148.20 1 6
video-subscribe-dl/internal/scheduler/filter.go:149.12,150.20 1 2
video-subscribe-dl/internal/scheduler/filter.go:151.17,153.18 2 6
video-subscribe-dl/internal/scheduler/filter.go:153.18,155.4 1 1
video-subscribe-dl/internal/scheduler/filter.go:156.3,156.37 1 5
video-subscribe-dl/internal/scheduler/filter.go:157.18,159.39 1 0
video-subscribe-dl/internal/scheduler/filter.go:160.10,161.14 1 0
video-subscribe-dl/internal/scheduler/process.go:24.163,31.78 4 0
video-subscribe-dl/internal/scheduler/process.go:31.78,32.55 1 0
video-subscribe-dl/internal/scheduler/process.go:32.55,34.4 1 0
video-subscribe-dl/internal/scheduler/process.go:37.2,45.6 8 0
video-subscribe-dl/internal/scheduler/process.go:45.6,47.17 2 0
video-subscribe-dl/internal/scheduler/process.go:47.17,48.35 1 0
video-subscribe-dl/internal/scheduler/process.go:48.35,51.5 2 0
video-subscribe-dl/internal/scheduler/process.go:52.4,53.9 2 0
video-subscribe-dl/internal/scheduler/process.go:55.3,55.18 1 0
video-subscribe-dl/internal/scheduler/process.go:55.18,57.4 1 0
video-subscribe-dl/internal/scheduler/process.go:59.3,59.30 1 0
video-subscribe-dl/internal/scheduler/process.go:59.30,63.50 2 0
video-subscribe-dl/internal/scheduler/process.go:63.50,65.10 2 0
video-subscribe-dl/internal/scheduler/process.go:68.4,68.30 1 0
video-subscribe-dl/internal/scheduler/process.go:68.30,70.5 1 0
video-subscribe-dl/internal/scheduler/process.go:72.4,72.40 1 0
video-subscribe-dl/internal/scheduler/process.go:75.3,75.14 1 0
video-subscribe-dl/internal/scheduler/process.go:75.14,76.9 1 0
video-subscribe-dl/internal/scheduler/process.go:78.3,78.31 1 0
video-subscribe-dl/internal/scheduler/process.go:78.31,79.9 1 0
video-subscribe-dl/internal/scheduler/process.go:83.3,83.66 1 0
video-subscribe-dl/internal/scheduler/process.go:83.66,85.9 2 0
video-subscribe-dl/internal/scheduler/process.go:88.3,89.67 2 0
video-subscribe-dl/internal/scheduler/process.go:92.2,92.17 1 0
video-subscribe-dl/internal/scheduler/process.go:92.17,95.3 2 0
video-subscribe-dl/internal/scheduler/process.go:98.2,98.32 1 0
video-subscribe-dl/internal/scheduler/process.go:98.32,99.76 1 0
video-subscribe-dl/internal/scheduler/process.go:99.76,101.4 1 0
video-subscribe-dl/internal/scheduler/process.go:105.2,105.69 1 0
video-subscribe-dl/internal/scheduler/process.go:105.69,108.3 2 0
video-subscribe-dl/internal/scheduler/process.go:110.2,114.17 4 0
video-subscribe-dl/internal/scheduler/process.go:114.17,117.3 1 0
video-subscribe-dl/internal/scheduler/process.go:117.8,117.20 1 0
video-subscribe-dl/internal/scheduler/process.go:117.20,120.3 1 0
video-subscribe-dl/internal/scheduler/process.go:120.8,123.3 1 0
video-subscribe-dl/internal/scheduler/process.go:125.2,126.26 2 0
video-subscribe-dl/internal/scheduler/process.go:126.26,128.3 1 0
video-subscribe-dl/internal/scheduler/process.go:129.2,129.18 1 0
video-subscribe-dl/internal/scheduler/process.go:129.18,131.20 2 0
video-subscribe-dl/internal/scheduler/process.go:131.20,133.4 1 0
video-subscribe-dl/internal/scheduler/process.go:134.3,137.20 1 0
video-subscribe-dl/internal/scheduler/process.go:140.2,140.41 1 0
video-subscribe-dl/internal/scheduler/process.go:140.41,142.56 2 0
video-subscribe-dl/internal/scheduler/process.go:142.56,143.72 1 0
video-subscribe-dl/internal/scheduler/process.go:143.72,145.5 1 0
video-subscribe-dl/internal/scheduler/process.go:145.10,147.5 1 0
video-subscribe-dl/internal/scheduler/process.go:151.2,151.32 1 0
video-subscribe-dl/internal/scheduler/process.go:151.32,153.3 1 0
video-subscribe-dl/internal/scheduler/process.go:157.159,159.2 1 0
video-subscribe-dl/internal/scheduler/process.go:162.43,164.74 2 0
video-subscribe-dl/internal/scheduler/process.go:164.74,165.73 1 0
video-subscribe-dl/internal/scheduler/process.go:165.73,167.4 1 0
video-subscribe-dl/internal/scheduler/process.go:169.2,170.16 2 0
video-subscribe-dl/internal/scheduler/process.go:170.16,173.3 2 0
video-subscribe-dl/internal/scheduler/process.go:174.2,175.25 2 0
video-subscribe-dl/internal/scheduler/process.go:175.25,180.3 3 0
video-subscribe-dl/internal/scheduler/process.go:181.2,181.13 1 0
video-subscribe-dl/internal/scheduler/process.go:185.80,187.26 2 0
video-subscribe-dl/internal/scheduler/process.go:187.26,189.3 1 0
video-subscribe-dl/internal/scheduler/process.go:190.2,190.18 1 0
video-subscribe-dl/internal/scheduler/process.go:195.224,196.21 1 0
video-subscribe-dl/internal/scheduler/process.go:196.21,199.3 2 0
video-subscribe-dl/internal/scheduler/process.go:201.2,203.20 3 0
video-subscribe-dl/internal/scheduler/process.go:203.20,205.3 1 0
video-subscribe-dl/internal/scheduler/process.go:205.8,211.3 2 0
video-subscribe-dl/internal/scheduler/process.go:213.2,218.12 6 0
video-subscribe-dl/internal/scheduler/process.go:218.12,221.3 2 0
video-subscribe-dl/internal/scheduler/process.go:223.2,242.28 2 0
video-subscribe-dl/internal/scheduler/process.go:242.28,242.97 1 0
video-subscribe-dl/internal/scheduler/process.go:243.17,247.3 3 0
video-subscribe-dl/internal/scheduler/process.go:250.190,257.20 5 0
video-subscribe-dl/internal/scheduler/process.go:257.20,259.3 1 0
video-subscribe-dl/internal/scheduler/process.go:259.8,265.3 2 0
video-subscribe-dl/internal/scheduler/process.go:268.2,268.21 1 0
video-subscribe-dl/internal/scheduler/process.go:268.21,271.3 2 0
video-subscribe-dl/internal/scheduler/process.go:273.2,275.12 3 0
video-subscribe-dl/internal/scheduler/process.go:275.12,278.3 2 0
video-subscribe-dl/internal/scheduler/process.go:280.2,298.28 2 0
video-subscribe-dl/internal/scheduler/process.go:298.28,298.97 1 0
video-subscribe-dl/internal/scheduler/process.go:299.17,304.3 3 0
video-subscribe-dl/internal/scheduler/process.go:307.170,309.24 1 0
video-subscribe-dl/internal/scheduler/process.go:309.24,312.3 2 0
video-subscribe-dl/internal/scheduler/process.go:315.2,315.75 1 0
video-subscribe-dl/internal/scheduler/process.go:315.75,317.3 1 0
video-subscribe-dl/internal/scheduler/process.go:320.2,321.23 2 0
video-subscribe-dl/internal/scheduler/process.go:321.23,326.30 3 0
video-subscribe-dl/internal/scheduler/process.go:326.30,327.27 1 0
video-subscribe-dl/internal/scheduler/process.go:327.27,329.5 1 0
video-subscribe-dl/internal/scheduler/process.go:331.3,331.47 1 0
video-subscribe-dl/internal/scheduler/process.go:331.47,333.4 1 0
video-subscribe-dl/internal/scheduler/process.go:336.2,336.25 1 0
video-subscribe-dl/internal/scheduler/process.go:336.25,338.3 1 0
video-subscribe-dl/internal/scheduler/process.go:340.2,341.16 2 0
video-subscribe-dl/internal/scheduler/process.go:341.16,342.34 1 0
video-subscribe-dl/internal/scheduler/process.go:342.34,344.4 1 0
video-subscribe-dl/internal/scheduler/process.go:344.9,346.4 1 0
video-subscribe-dl/internal/scheduler/process.go:347.3,347.9 1 0
video-subscribe-dl/internal/scheduler/process.go:351.2,352.50 2 0
video-subscribe-dl/internal/scheduler/process.go:352.50,356.14 3 0
video-subscribe-dl/internal/scheduler/process.go:356.14,362.4 2 0
video-subscribe-dl/internal/scheduler/process.go:363.3,363.9 1 0
video-subscribe-dl/internal/scheduler/process.go:366.2,367.21 2 0
video-subscribe-dl/internal/scheduler/process.go:367.21,370.3 2 0
video-subscribe-dl/internal/scheduler/process.go:373.2,373.23 1 0
video-subscribe-dl/internal/scheduler/process.go:373.23,380.30 2 0
video-subscribe-dl/internal/scheduler/process.go:380.30,381.26 1 0
video-subscribe-dl/internal/scheduler/process.go:381.26,382.59 1 0
video-subscribe-dl/internal/scheduler/process.go:382.59,384.6 1 0
video-subscribe-dl/internal/scheduler/process.go:385.5,385.10 1 0
video-subscribe-dl/internal/scheduler/process.go:388.3,388.46 1 0
video-subscribe-dl/internal/scheduler/process.go:388.46,391.4 2 0
video-subscribe-dl/internal/scheduler/process.go:394.2,396.23 3 0
video-subscribe-dl/internal/scheduler/process.go:396.23,398.3 1 0
video-subscribe-dl/internal/scheduler/process.go:400.2,400.21 1 0
video-subscribe-dl/internal/scheduler/process.go:400.21,402.13 2 0
video-subscribe-dl/internal/scheduler/process.go:402.13,404.4 1 0
video-subscribe-dl/internal/scheduler/process.go:405.3,406.110 2 0
video-subscribe-dl/internal/scheduler/process.go:407.8,415.19 5 0
video-subscribe-dl/internal/scheduler/process.go:415.19,417.21 2 0
video-subscribe-dl/internal/scheduler/process.go:417.21,419.5 1 0
video-subscribe-dl/internal/scheduler/process.go:419.10,419.28 1 0
video-subscribe-dl/internal/scheduler/process.go:419.28,421.5 1 0
video-subscribe-dl/internal/scheduler/process.go:422.4,423.43 2 0
video-subscribe-dl/internal/scheduler/process.go:423.43,425.5 1 0
video-subscribe-dl/internal/scheduler/process.go:426.4,436.77 3 0
video-subscribe-dl/internal/scheduler/process.go:440.3,440.35 1 0
video-subscribe-dl/internal/scheduler/process.go:440.35,442.57 2 0
video-subscribe-dl/internal/scheduler/process.go:442.57,443.66 1 0
video-subscribe-dl/internal/scheduler/process.go:443.66,445.6 1 0
video-subscribe-dl/internal/scheduler/process.go:445.11,447.6 1 0
video-subscribe-dl/internal/scheduler/process.go:450.4,451.57 2 0
video-subscribe-dl/internal/scheduler/process.go:451.57,453.5 1 0
video-subscribe-dl/internal/scheduler/process.go:456.3,456.30 1 0
video-subscribe-dl/internal/scheduler/process.go:456.30,459.14 3 0
video-subscribe-dl/internal/scheduler/process.go:459.14,460.13 1 0
video-subscribe-dl/internal/scheduler/process.go:462.4,473.43 4 0
video-subscribe-dl/internal/scheduler/process.go:473.43,475.5 1 0
video-subscribe-dl/internal/scheduler/process.go:477.4,477.130 1 0
video-subscribe-dl/internal/scheduler/process.go:482.209,484.15 1 0
video-subscribe-dl/internal/scheduler/process.go:484.15,485.31 1 0
video-subscribe-dl/internal/scheduler/process.go:485.31,489.4 3 0
video-subscribe-dl/internal/scheduler/process.go:493.2,495.22 3 0
video-subscribe-dl/internal/scheduler/process.go:495.22,498.3 1 0
video-subscribe-dl/internal/scheduler/process.go:500.2,501.9 2 0
video-subscribe-dl/internal/scheduler/process.go:502.21,502.21 0 0
video-subscribe-dl/internal/scheduler/process.go:504.29,506.22 1 0
video-subscribe-dl/internal/scheduler/process.go:506.22,511.4 3 0
video-subscribe-dl/internal/scheduler/process.go:512.3,516.9 4 0
video-subscribe-dl/internal/scheduler/process.go:518.2,518.19 1 0
video-subscribe-dl/internal/scheduler/process.go:518.19,522.3 2 0
video-subscribe-dl/internal/scheduler/process.go:523.2,523.21 1 0
video-subscribe-dl/internal/scheduler/process.go:523.21,525.26 2 0
video-subscribe-dl/internal/scheduler/process.go:525.26,527.4 1 0
video-subscribe-dl/internal/scheduler/process.go:528.3,532.9 5 0
video-subscribe-dl/internal/scheduler/process.go:535.2,541.19 3 0
video-subscribe-dl/internal/scheduler/process.go:541.19,543.3 1 0
video-subscribe-dl/internal/scheduler/process.go:544.2,544.41 1 0
video-subscribe-dl/internal/scheduler/process.go:544.41,546.3 1 0
video-subscribe-dl/internal/scheduler/process.go:547.2,547.19 1 0
video-subscribe-dl/internal/scheduler/process.go:547.19,549.3 1 0
video-subscribe-dl/internal/scheduler/process.go:549.8,551.3 1 0
video-subscribe-dl/internal/scheduler/process.go:554.2,555.64 2 0
video-subscribe-dl/internal/scheduler/process.go:555.64,557.3 1 0
video-subscribe-dl/internal/scheduler/process.go:560.2,563.30 2 0
video-subscribe-dl/internal/scheduler/process.go:563.30,564.20 1 0
video-subscribe-dl/internal/scheduler/process.go:564.20,566.4 1 0
video-subscribe-dl/internal/scheduler/process.go:566.9,568.4 1 0
video-subscribe-dl/internal/scheduler/process.go:569.8,569.31 1 0
video-subscribe-dl/internal/scheduler/process.go:569.31,571.86 1 0
video-subscribe-dl/internal/scheduler/process.go:571.86,573.4 1 0
video-subscribe-dl/internal/scheduler/process.go:574.8,576.20 2 0
video-subscribe-dl/internal/scheduler/process.go:576.20,578.4 1 0
video-subscribe-dl/internal/scheduler/process.go:579.3,579.25 1 0
video-subscribe-dl/internal/scheduler/process.go:579.25,581.4 1 0
video-subscribe-dl/internal/scheduler/process.go:582.3,595.69 2 0
video-subscribe-dl/internal/scheduler/process.go:595.69,597.4 1 0
video-subscribe-dl/internal/scheduler/process.go:601.2,602.19 2 0
video-subscribe-dl/internal/scheduler/process.go:602.19,604.3 1 0
video-subscribe-dl/internal/scheduler/process.go:605.2,605.61 1 0
video-subscribe-dl/internal/scheduler/process.go:605.61,608.55 3 0
video-subscribe-dl/internal/scheduler/process.go:608.55,609.70 1 0
video-subscribe-dl/internal/scheduler/process.go:609.70,611.5 1 0
video-subscribe-dl/internal/scheduler/process.go:611.10,614.5 2 0
video-subscribe-dl/internal/scheduler/process.go:615.9,618.4 1 0
video-subscribe-dl/internal/scheduler/process.go:622.2,623.31 2 0
video-subscribe-dl/internal/scheduler/process.go:623.31,625.3 1 0
video-subscribe-dl/internal/scheduler/process.go:626.2,626.36 1 0
video-subscribe-dl/internal/scheduler/process.go:626.36,628.3 1 0
video-subscribe-dl/internal/scheduler/process.go:629.2,629.24 1 0
video-subscribe-dl/internal/scheduler/process.go:629.24,631.3 1 0
video-subscribe-dl/internal/scheduler/process.go:632.2,632.25 1 0
video-subscribe-dl/internal/scheduler/process.go:632.25,634.3 1 0
video-subscribe-dl/internal/scheduler/process.go:635.2,638.19 3 0
video-subscribe-dl/internal/scheduler/process.go:638.19,640.3 1 0
video-subscribe-dl/internal/scheduler/process.go:641.2,642.94 2 0
video-subscribe-dl/internal/scheduler/process_douyin.go:21.60,23.24 1 11
video-subscribe-dl/internal/scheduler/process_douyin.go:23.24,26.3 2 4
video-subscribe-dl/internal/scheduler/process_douyin.go:29.2,32.30 3 7
video-subscribe-dl/internal/scheduler/process_douyin.go:32.30,35.3 2 1
video-subscribe-dl/internal/scheduler/process_douyin.go:37.2,44.44 5 6
video-subscribe-dl/internal/scheduler/process_douyin.go:44.44,46.17 2 10
video-subscribe-dl/internal/scheduler/process_douyin.go:46.17,47.9 1 4
video-subscribe-dl/internal/scheduler/process_douyin.go:49.3,50.18 2 6
video-subscribe-dl/internal/scheduler/process_douyin.go:50.18,53.4 2 4
video-subscribe-dl/internal/scheduler/process_douyin.go:55.2,55.16 1 6
video-subscribe-dl/internal/scheduler/process_douyin.go:55.16,57.50 1 2
video-subscribe-dl/internal/scheduler/process_douyin.go:57.50,65.4 6 1
video-subscribe-dl/internal/scheduler/process_douyin.go:66.3,69.9 4 1
video-subscribe-dl/internal/scheduler/process_douyin.go:73.2,73.45 1 4
video-subscribe-dl/internal/scheduler/process_douyin.go:73.45,76.3 2 1
video-subscribe-dl/internal/scheduler/process_douyin.go:79.2,79.27 1 3
video-subscribe-dl/internal/scheduler/process_douyin.go:79.27,83.3 3 1
video-subscribe-dl/internal/scheduler/process_douyin.go:86.2,87.16 2 2
video-subscribe-dl/internal/scheduler/process_douyin.go:87.16,92.3 4 1
video-subscribe-dl/internal/scheduler/process_douyin.go:95.2,96.24 2 1
video-subscribe-dl/internal/scheduler/process_douyin.go:96.24,98.3 1 0
video-subscribe-dl/internal/scheduler/process_douyin.go:99.2,99.24 1 1
video-subscribe-dl/internal/scheduler/process_douyin.go:99.24,101.3 1 0
video-subscribe-dl/internal/scheduler/process_douyin.go:102.2,106.17 4 1
video-subscribe-dl/internal/scheduler/process_douyin.go:106.17,108.3 1 0
video-subscribe-dl/internal/scheduler/process_douyin.go:109.2,109.17 1 1
video-subscribe-dl/internal/scheduler/process_douyin.go:109.17,111.3 1 0
video-subscribe-dl/internal/scheduler/process_douyin.go:112.2,113.26 2 1
video-subscribe-dl/internal/scheduler/process_douyin.go:113.26,115.3 1 0
video-subscribe-dl/internal/scheduler/process_douyin.go:117.2,123.44 5 1
video-subscribe-dl/internal/scheduler/process_douyin.go:123.44,125.17 2 1
video-subscribe-dl/internal/scheduler/process_douyin.go:125.17,126.9 1 1
video-subscribe-dl/internal/scheduler/process_douyin.go:128.3,129.18 2 0
video-subscribe-dl/internal/scheduler/process_douyin.go:129.18,132.4 2 0
video-subscribe-dl/internal/scheduler/process_douyin.go:134.2,134.16 1 1
video-subscribe-dl/internal/scheduler/process_douyin.go:134.16,139.3 4 0
video-subscribe-dl/internal/scheduler/process_douyin.go:141.2,144.43 2 1
video-subscribe-dl/internal/scheduler/process_douyin.go:144.43,146.71 2 1
video-subscribe-dl/internal/scheduler/process_douyin.go:146.71,148.4 1 0
video-subscribe-dl/internal/scheduler/process_douyin.go:152.2,152.18 1 1
video-subscribe-dl/internal/scheduler/process_douyin.go:152.18,167.67 2 1
video-subscribe-dl/internal/scheduler/process_douyin.go:167.67,169.4 1 0
video-subscribe-dl/internal/scheduler/process_douyin.go:173.2,177.91 3 1
video-subscribe-dl/internal/scheduler/process_douyin.go:182.99,184.24 2 3
video-subscribe-dl/internal/scheduler/process_douyin.go:184.24,186.3 1 0
video-subscribe-dl/internal/scheduler/process_douyin.go:187.2,187.24 1 3
video-subscribe-dl/internal/scheduler/process_douyin.go:187.24,189.3 1 0
video-subscribe-dl/internal/scheduler/process_douyin.go:191.2,192.17 2 3
video-subscribe-dl/internal/scheduler/process_douyin.go:192.17,194.3 1 0
video-subscribe-dl/internal/scheduler/process_douyin.go:195.2,195.17 1 3
video-subscribe-dl/internal/scheduler/process_douyin.go:195.17,197.3 1 0
video-subscribe-dl/internal/scheduler/process_douyin.go:198.2,199.26 2 3
video-subscribe-dl/internal/scheduler/process_douyin.go:199.26,201.3 1 0
video-subscribe-dl/internal/scheduler/process_douyin.go:203.2,212.39 7 3
video-subscribe-dl/internal/scheduler/process_douyin.go:212.39,213.19 1 6
video-subscribe-dl/internal/scheduler/process_douyin.go:213.19,214.12 1 0
video-subscribe-dl/internal/scheduler/process_douyin.go:217.3,218.39 2 6
video-subscribe-dl/internal/scheduler/process_douyin.go:218.39,220.4 1 0
video-subscribe-dl/internal/scheduler/process_douyin.go:220.9,220.47 1 6
video-subscribe-dl/internal/scheduler/process_douyin.go:220.47,222.4 1 0
video-subscribe-dl/internal/scheduler/process_douyin.go:224.3,228.45 4 6
video-subscribe-dl/internal/scheduler/process_douyin.go:228.45,230.18 2 12
video-subscribe-dl/internal/scheduler/process_douyin.go:230.18,231.10 1 3
video-subscribe-dl/internal/scheduler/process_douyin.go:233.4,234.19 2 9
video-subscribe-dl/internal/scheduler/process_douyin.go:234.19,237.5 2 6
video-subscribe-dl/internal/scheduler/process_douyin.go:239.3,239.17 1 6
video-subscribe-dl/internal/scheduler/process_douyin.go:239.17,241.12 2 3
video-subscribe-dl/internal/scheduler/process_douyin.go:244.3,248.31 3 3
video-subscribe-dl/internal/scheduler/process_douyin.go:248.31,250.4 1 1
video-subscribe-dl/internal/scheduler/process_douyin.go:253.2,253.23 1 3
video-subscribe-dl/internal/scheduler/process_douyin.go:253.23,258.3 4 1
video-subscribe-dl/internal/scheduler/process_douyin.go:260.2,264.43 2 2
video-subscribe-dl/internal/scheduler/process_douyin.go:264.43,266.71 2 1
video-subscribe-dl/internal/scheduler/process_douyin.go:266.71,268.4 1 0
video-subscribe-dl/internal/scheduler/process_douyin.go:272.2,272.18 1 2
video-subscribe-dl/internal/scheduler/process_douyin.go:272.18,287.61 3 2
video-subscribe-dl/internal/scheduler/process_douyin.go:287.61,289.4 1 0
video-subscribe-dl/internal/scheduler/process_douyin.go:293.2,298.92 3 2
video-subscribe-dl/internal/scheduler/retry.go:18.54,20.36 1 3
video-subscribe-dl/internal/scheduler/retry.go:20.36,21.28 1 0
video-subscribe-dl/internal/scheduler/retry.go:21.28,24.4 2 0
video-subscribe-dl/internal/scheduler/retry.go:24.9,30.4 5 0
video-subscribe-dl/internal/scheduler/retry.go:33.2,34.30 2 3
video-subscribe-dl/internal/scheduler/retry.go:34.30,37.3 2 0
video-subscribe-dl/internal/scheduler/retry.go:40.2,40.26 1 3
video-subscribe-dl/internal/scheduler/retry.go:40.26,43.3 2 3
video-subscribe-dl/internal/scheduler/retry.go:45.2,47.67 3 0
video-subscribe-dl/internal/scheduler/retry.go:47.67,50.3 2 0
video-subscribe-dl/internal/scheduler/retry.go:52.2,54.16 3 0
video-subscribe-dl/internal/scheduler/retry.go:54.16,55.34 1 0
video-subscribe-dl/internal/scheduler/retry.go:55.34,59.4 3 0
video-subscribe-dl/internal/scheduler/retry.go:60.3,62.9 3 0
video-subscribe-dl/internal/scheduler/retry.go:66.2,67.50 2 0
video-subscribe-dl/internal/scheduler/retry.go:67.50,71.3 3 0
video-subscribe-dl/internal/scheduler/retry.go:73.2,74.23 2 0
video-subscribe-dl/internal/scheduler/retry.go:74.23,75.50 1 0
video-subscribe-dl/internal/scheduler/retry.go:75.50,76.31 1 0
video-subscribe-dl/internal/scheduler/retry.go:76.31,78.10 2 0
video-subscribe-dl/internal/scheduler/retry.go:81.8,83.3 1 0
video-subscribe-dl/internal/scheduler/retry.go:84.2,84.14 1 0
video-subscribe-dl/internal/scheduler/retry.go:84.14,88.3 3 0
video-subscribe-dl/internal/scheduler/retry.go:90.2,93.23 3 0
video-subscribe-dl/internal/scheduler/retry.go:93.23,95.3 1 0
video-subscribe-dl/internal/scheduler/retry.go:97.2,102.40 4 0
video-subscribe-dl/internal/scheduler/retry.go:102.40,104.3 1 0
video-subscribe-dl/internal/scheduler/retry.go:105.2,111.17 5 0
video-subscribe-dl/internal/scheduler/retry.go:111.17,116.3 4 0
video-subscribe-dl/internal/scheduler/retry.go:119.2,120.38 2 0
video-subscribe-dl/internal/scheduler/retry.go:120.38,122.50 2 0
video-subscribe-dl/internal/scheduler/retry.go:122.50,123.31 1 0
video-subscribe-dl/internal/scheduler/retry.go:123.31,125.10 2 0
video-subscribe-dl/internal/scheduler/retry.go:128.3,135.25 2 0
video-subscribe-dl/internal/scheduler/retry.go:135.25,137.4 1 0
video-subscribe-dl/internal/scheduler/retry.go:140.2,142.12 3 0
video-subscribe-dl/internal/scheduler/retry.go:142.12,145.3 2 0
video-subscribe-dl/internal/scheduler/retry.go:147.2,166.28 2 0
video-subscribe-dl/internal/scheduler/retry.go:166.28,166.97 1 0
video-subscribe-dl/internal/scheduler/retry.go:169.2,169.89 1 0
video-subscribe-dl/internal/scheduler/retry.go:173.44,177.16 3 3
video-subscribe-dl/internal/scheduler/retry.go:177.16,179.3 1 0
video-subscribe-dl/internal/scheduler/retry.go:179.8,179.23 1 3
video-subscribe-dl/internal/scheduler/retry.go:179.23,181.3 1 1
video-subscribe-dl/internal/scheduler/retry.go:183.2,184.16 2 3
video-subscribe-dl/internal/scheduler/retry.go:184.16,187.3 2 0
video-subscribe-dl/internal/scheduler/retry.go:189.2,189.25 1 3
video-subscribe-dl/internal/scheduler/retry.go:189.25,191.3 1 2
video-subscribe-dl/internal/scheduler/retry.go:193.2,195.31 2 1
video-subscribe-dl/internal/scheduler/retry.go:195.31,197.37 1 1
video-subscribe-dl/internal/scheduler/retry.go:197.37,198.29 1 0
video-subscribe-dl/internal/scheduler/retry.go:198.29,201.5 2 0
video-subscribe-dl/internal/scheduler/retry.go:201.10,204.5 2 0
video-subscribe-dl/internal/scheduler/retry.go:206.3,207.30 2 1
video-subscribe-dl/internal/scheduler/retry.go:212.43,214.29 2 2
video-subscribe-dl/internal/scheduler/retry.go:214.29,217.3 2 1
video-subscribe-dl/internal/scheduler/retry.go:219.2,220.25 2 1
video-subscribe-dl/internal/scheduler/retry.go:225.48,227.29 2 3
video-subscribe-dl/internal/scheduler/retry.go:227.29,230.3 2 1
video-subscribe-dl/internal/scheduler/retry.go:231.2,231.28 1 2
video-subscribe-dl/internal/scheduler/retry.go:231.28,234.3 2 1
video-subscribe-dl/internal/scheduler/retry.go:236.2,236.36 1 1
video-subscribe-dl/internal/scheduler/retry.go:236.36,237.28 1 0
video-subscribe-dl/internal/scheduler/retry.go:237.28,240.4 2 0
video-subscribe-dl/internal/scheduler/retry.go:240.9,246.4 5 0
video-subscribe-dl/internal/scheduler/retry.go:248.2,249.12 2 1
video-subscribe-dl/internal/scheduler/retry.go:249.12,253.3 3 1
video-subscribe-dl/internal/scheduler/scheduler.go:91.97,110.2 2 0
video-subscribe-dl/internal/scheduler/scheduler.go:113.52,115.2 1 0
video-subscribe-dl/internal/scheduler/scheduler.go:119.54,123.2 3 0
video-subscribe-dl/internal/scheduler/scheduler.go:125.48,129.2 3 0
video-subscribe-dl/internal/scheduler/scheduler.go:132.35,134.2 1 0
video-subscribe-dl/internal/scheduler/scheduler.go:137.61,143.2 5 0
video-subscribe-dl/internal/scheduler/scheduler.go:146.65,149.2 2 0
video-subscribe-dl/internal/scheduler/scheduler.go:151.29,153.24 1 0
video-subscribe-dl/internal/scheduler/scheduler.go:153.24,154.72 1 0
video-subscribe-dl/internal/scheduler/scheduler.go:154.72,156.4 1 0
video-subscribe-dl/internal/scheduler/scheduler.go:159.3,160.26 2 0
video-subscribe-dl/internal/scheduler/scheduler.go:163.2,164.12 2 0
video-subscribe-dl/internal/scheduler/scheduler.go:164.12,167.72 2 0
video-subscribe-dl/internal/scheduler/scheduler.go:167.72,169.4 1 0
video-subscribe-dl/internal/scheduler/scheduler.go:170.3,174.75 3 0
video-subscribe-dl/internal/scheduler/scheduler.go:174.75,175.54 1 0
video-subscribe-dl/internal/scheduler/scheduler.go:175.54,178.5 2 0
video-subscribe-dl/internal/scheduler/scheduler.go:180.3,180.74 1 0
video-subscribe-dl/internal/scheduler/scheduler.go:180.74,181.54 1 0
video-subscribe-dl/internal/scheduler/scheduler.go:181.54,184.5 2 0
video-subscribe-dl/internal/scheduler/scheduler.go:186.3,191.21 4 0
video-subscribe-dl/internal/scheduler/scheduler.go:191.21,193.55 2 0
video-subscribe-dl/internal/scheduler/scheduler.go:193.55,198.49 2 0
video-subscribe-dl/internal/scheduler/scheduler.go:198.49,201.6 2 0
video-subscribe-dl/internal/scheduler/scheduler.go:203.5,203.17 1 0
video-subscribe-dl/internal/scheduler/scheduler.go:205.4,205.18 1 0
video-subscribe-dl/internal/scheduler/scheduler.go:205.18,207.5 1 0
video-subscribe-dl/internal/scheduler/scheduler.go:207.10,213.5 5 0
video-subscribe-dl/internal/scheduler/scheduler.go:217.3,218.81 2 0
video-subscribe-dl/internal/scheduler/scheduler.go:218.81,219.54 1 0
video-subscribe-dl/internal/scheduler/scheduler.go:219.54,221.5 1 0
video-subscribe-dl/internal/scheduler/scheduler.go:223.3,226.7 4 0
video-subscribe-dl/internal/scheduler/scheduler.go:226.7,227.11 1 0
video-subscribe-dl/internal/scheduler/scheduler.go:228.20,233.49 2 0
video-subscribe-dl/internal/scheduler/scheduler.go:233.49,236.6 2 0
video-subscribe-dl/internal/scheduler/scheduler.go:238.5,238.17 1 0
video-subscribe-dl/internal/scheduler/scheduler.go:239.20,240.11 1 0
video-subscribe-dl/internal/scheduler/scheduler.go:244.2,244.51 1 0
video-subscribe-dl/internal/scheduler/scheduler.go:248.45,252.2 3 1
video-subscribe-dl/internal/scheduler/scheduler.go:255.47,259.2 3 1
video-subscribe-dl/internal/scheduler/scheduler.go:262.41,266.2 3 0
video-subscribe-dl/internal/scheduler/scheduler.go:269.75,275.41 5 1
video-subscribe-dl/internal/scheduler/scheduler.go:275.41,277.3 1 0
video-subscribe-dl/internal/scheduler/scheduler.go:278.2,278.24 1 1
video-subscribe-dl/internal/scheduler/scheduler.go:278.24,280.3 1 0
video-subscribe-dl/internal/scheduler/scheduler.go:281.2,281.17 1 1
video-subscribe-dl/internal/scheduler/scheduler.go:285.43,294.55 6 0
video-subscribe-dl/internal/scheduler/scheduler.go:294.55,299.3 2 0
video-subscribe-dl/internal/scheduler/scheduler.go:303.45,310.2 4 1
video-subscribe-dl/internal/scheduler/scheduler.go:313.48,316.20 3 5
video-subscribe-dl/internal/scheduler/scheduler.go:316.20,318.3 1 1
video-subscribe-dl/internal/scheduler/scheduler.go:319.2,322.65 4 4
video-subscribe-dl/internal/scheduler/scheduler.go:326.36,329.21 3 2
video-subscribe-dl/internal/scheduler/scheduler.go:329.21,331.3 1 1
video-subscribe-dl/internal/scheduler/scheduler.go:332.2,336.32 4 1
video-subscribe-dl/internal/scheduler/scheduler.go:340.43,344.2 3 47
video-subscribe-dl/internal/scheduler/scheduler.go:347.93,351.2 3 2
video-subscribe-dl/internal/scheduler/scheduler.go:353.28,354.28 1 0
video-subscribe-dl/internal/scheduler/scheduler.go:354.28,356.3 1 0
video-subscribe-dl/internal/scheduler/scheduler.go:357.2,357.36 1 0
video-subscribe-dl/internal/scheduler/scheduler.go:357.36,359.3 1 0
video-subscribe-dl/internal/scheduler/scheduler.go:360.2,361.13 2 0
video-subscribe-dl/internal/scheduler/scheduler.go:364.32,366.12 2 0
video-subscribe-dl/internal/scheduler/scheduler.go:366.12,369.3 2 0
video-subscribe-dl/internal/scheduler/scheduler.go:373.41,374.17 1 18
video-subscribe-dl/internal/scheduler/scheduler.go:374.17,376.3 1 18
video-subscribe-dl/internal/scheduler/scheduler.go:377.2,378.12 2 0
video-subscribe-dl/internal/scheduler/scheduler.go:378.12,381.17 3 0
video-subscribe-dl/internal/scheduler/scheduler.go:381.17,384.4 2 0
video-subscribe-dl/internal/scheduler/scheduler.go:385.3,385.26 1 0
video-subscribe-dl/internal/scheduler/scheduler.go:385.26,388.4 2 0
video-subscribe-dl/internal/scheduler/scheduler.go:390.3,392.50 3 0
video-subscribe-dl/internal/scheduler/scheduler.go:392.50,394.28 2 0
video-subscribe-dl/internal/scheduler/scheduler.go:394.28,396.5 1 0
video-subscribe-dl/internal/scheduler/scheduler.go:397.4,398.29 2 0
video-subscribe-dl/internal/scheduler/scheduler.go:398.29,401.5 2 0
video-subscribe-dl/internal/scheduler/scheduler.go:403.4,404.22 2 0
video-subscribe-dl/internal/scheduler/scheduler.go:404.22,406.5 1 0
video-subscribe-dl/internal/scheduler/scheduler.go:408.3,408.85 1 0
video-subscribe-dl/internal/scheduler/scheduler.go:413.52,415.30 2 0
video-subscribe-dl/internal/scheduler/scheduler.go:415.30,418.3 2 0
video-subscribe-dl/internal/scheduler/scheduler.go:419.2,420.12 2 0
video-subscribe-dl/internal/scheduler/scheduler.go:420.12,424.3 3 0
video-subscribe-dl/internal/scheduler/scheduler.go:427.53,431.2 3 0
video-subscribe-dl/internal/scheduler/scheduler.go:433.32,435.46 1 0
video-subscribe-dl/internal/scheduler/scheduler.go:435.46,438.3 2 0
video-subscribe-dl/internal/scheduler/scheduler.go:440.2,452.28 8 0
video-subscribe-dl/internal/scheduler/scheduler.go:452.28,458.3 4 0
video-subscribe-dl/internal/scheduler/scheduler.go:461.2,462.84 2 0
video-subscribe-dl/internal/scheduler/scheduler.go:462.84,463.55 1 0
video-subscribe-dl/internal/scheduler/scheduler.go:463.55,465.4 1 0
video-subscribe-dl/internal/scheduler/scheduler.go:468.2,469.16 2 0
video-subscribe-dl/internal/scheduler/scheduler.go:469.16,472.3 2 0
video-subscribe-dl/internal/scheduler/scheduler.go:473.2,476.23 2 0
video-subscribe-dl/internal/scheduler/scheduler.go:482.58,483.30 1 0
video-subscribe-dl/internal/scheduler/scheduler.go:483.30,485.19 1 0
video-subscribe-dl/internal/scheduler/scheduler.go:486.17,487.30 1 0
video-subscribe-dl/internal/scheduler/scheduler.go:487.30,488.13 1 0
video-subscribe-dl/internal/scheduler/scheduler.go:490.11,491.28 1 0
video-subscribe-dl/internal/scheduler/scheduler.go:491.28,492.13 1 0
video-subscribe-dl/internal/scheduler/scheduler.go:496.3,500.25 3 0
video-subscribe-dl/internal/scheduler/scheduler.go:500.25,502.4 1 0
video-subscribe-dl/internal/scheduler/scheduler.go:507.52,508.15 1 0
video-subscribe-dl/internal/scheduler/scheduler.go:508.15,509.31 1 0
video-subscribe-dl/internal/scheduler/scheduler.go:509.31,511.4 1 0
video-subscribe-dl/internal/scheduler/scheduler.go:513.2,513.20 1 0
video-subscribe-dl/internal/scheduler/scheduler.go:516.37,520.16 4 0
video-subscribe-dl/internal/scheduler/scheduler.go:520.16,523.3 2 0
video-subscribe-dl/internal/scheduler/scheduler.go:524.2,524.30 1 0
video-subscribe-dl/internal/scheduler/scheduler.go:524.30,526.19 1 0
video-subscribe-dl/internal/scheduler/scheduler.go:527.17,528.30 1 0
video-subscribe-dl/internal/scheduler/scheduler.go:528.30,529.13 1 0
video-subscribe-dl/internal/scheduler/scheduler.go:531.11,532.28 1 0
video-subscribe-dl/internal/scheduler/scheduler.go:532.28,533.13 1 0
video-subscribe-dl/internal/scheduler/scheduler.go:537.3,541.25 3 0
video-subscribe-dl/internal/scheduler/scheduler.go:541.25,543.4 1 0
video-subscribe-dl/internal/scheduler/scheduler.go:545.2,546.38 2 0
video-subscribe-dl/internal/scheduler/scheduler.go:549.48,552.18 2 0
video-subscribe-dl/internal/scheduler/scheduler.go:553.16,554.21 1 0
video-subscribe-dl/internal/scheduler/scheduler.go:555.16,556.21 1 0
video-subscribe-dl/internal/scheduler/scheduler.go:557.18,558.23 1 0
video-subscribe-dl/internal/scheduler/scheduler.go:559.16,561.9 2 0
video-subscribe-dl/internal/scheduler/scheduler.go:562.20,563.25 1 0
video-subscribe-dl/internal/scheduler/scheduler.go:564.27,565.17 1 0
video-subscribe-dl/internal/scheduler/scheduler.go:566.10,568.17 2 0
video-subscribe-dl/internal/scheduler/scheduler.go:572.69,573.27 1 0
video-subscribe-dl/internal/scheduler/scheduler.go:573.27,575.19 2 0
video-subscribe-dl/internal/scheduler/scheduler.go:575.19,577.4 1 0
video-subscribe-dl/internal/scheduler/scheduler.go:579.2,579.20 1 0
video-subscribe-dl/internal/scheduler/scheduler.go:582.62,583.40 1 0
video-subscribe-dl/internal/scheduler/scheduler.go:583.40,585.3 1 0
video-subscribe-dl/internal/scheduler/scheduler.go:586.2,597.23 4 0
video-subscribe-dl/internal/scheduler/scheduler.go:597.23,599.56 2 0
video-subscribe-dl/internal/scheduler/scheduler.go:599.56,600.73 1 0
video-subscribe-dl/internal/scheduler/scheduler.go:600.73,602.5 1 0
video-subscribe-dl/internal/scheduler/scheduler.go:608.43,609.49 1 0
video-subscribe-dl/internal/scheduler/scheduler.go:609.49,611.3 1 0
video-subscribe-dl/internal/scheduler/scheduler.go:612.2,616.16 4 0
video-subscribe-dl/internal/scheduler/scheduler.go:616.16,619.3 2 0
video-subscribe-dl/internal/scheduler/scheduler.go:620.2,620.22 1 0
video-subscribe-dl/internal/scheduler/scheduler.go:620.22,626.3 3 0
video-subscribe-dl/internal/scheduler/scheduler.go:630.50,632.16 2 0
video-subscribe-dl/internal/scheduler/scheduler.go:632.16,635.3 2 0
video-subscribe-dl/internal/scheduler/scheduler.go:636.2,636.22 1 0
video-subscribe-dl/internal/scheduler/scheduler.go:636.22,640.3 3 0
video-subscribe-dl/internal/scheduler/scheduler.go:642.2,643.24 2 0
video-subscribe-dl/internal/scheduler/scheduler.go:644.9,645.31 1 0
video-subscribe-dl/internal/scheduler/scheduler.go:646.9,647.31 1 0
video-subscribe-dl/internal/scheduler/scheduler.go:651.2,651.29 1 0
video-subscribe-dl/internal/scheduler/scheduler.go:651.29,653.22 2 0
video-subscribe-dl/internal/scheduler/scheduler.go:653.22,655.23 2 0
video-subscribe-dl/internal/scheduler/scheduler.go:655.23,657.29 1 0
video-subscribe-dl/internal/scheduler/scheduler.go:657.29,660.6 1 0
video-subscribe-dl/internal/scheduler/scheduler.go:661.5,661.11 1 0
video-subscribe-dl/internal/scheduler/scheduler.go:662.10,662.28 1 0
video-subscribe-dl/internal/scheduler/scheduler.go:662.28,665.5 2 0
video-subscribe-dl/internal/scheduler/scheduler.go:669.2,670.57 1 0
video-subscribe-dl/internal/scheduler/scheduler.go:674.54,676.22 2 0
video-subscribe-dl/internal/scheduler/scheduler.go:676.22,680.3 3 0
video-subscribe-dl/internal/scheduler/scheduler.go:682.2,683.16 2 0
video-subscribe-dl/internal/scheduler/scheduler.go:683.16,687.3 3 0
video-subscribe-dl/internal/scheduler/scheduler.go:689.2,689.27 1 0
video-subscribe-dl/internal/scheduler/scheduler.go:689.27,694.3 3 0
video-subscribe-dl/internal/scheduler/scheduler.go:694.8,697.3 2 0
video-subscribe-dl/internal/scheduler/scheduler.go:701.49,703.34 2 0
video-subscribe-dl/internal/scheduler/scheduler.go:703.34,705.3 1 0
video-subscribe-dl/internal/scheduler/scheduler.go:706.2,707.35 2 0
video-subscribe-dl/internal/scheduler/scheduler.go:707.35,709.3 1 0
video-subscribe-dl/internal/scheduler/scheduler.go:711.2,713.16 3 0
video-subscribe-dl/internal/scheduler/scheduler.go:713.16,716.3 2 0
video-subscribe-dl/internal/scheduler/scheduler.go:717.2,717.18 1 0
video-subscribe-dl/internal/scheduler/scheduler.go:717.18,719.3 1 0
video-subscribe-dl/internal/scheduler/scheduler.go:721.2,723.16 3 0
video-subscribe-dl/internal/scheduler/scheduler.go:723.16,727.3 3 0
video-subscribe-dl/internal/scheduler/scheduler.go:730.2,730.77 1 0
video-subscribe-dl/internal/scheduler/scheduler.go:730.77,733.3 2 0
video-subscribe-dl/internal/scheduler/scheduler.go:736.2,737.52 2 0
video-subscribe-dl/internal/scheduler/scheduler.go:741.36,742.28 1 0
video-subscribe-dl/internal/scheduler/scheduler.go:742.28,744.3 1 0
video-subscribe-dl/internal/scheduler/scheduler.go:748.61,750.2 1 0
video-subscribe-dl/internal/scheduler/scheduler.go:753.50,754.24 1 0
video-subscribe-dl/internal/scheduler/scheduler.go:754.24,756.34 2 0
video-subscribe-dl/internal/scheduler/scheduler.go:756.34,758.4 1 0
video-subscribe-dl/internal/scheduler/scheduler.go:760.2,760.81 1 0
video-subscribe-dl/internal/scheduler/scheduler.go:760.81,762.3 1 0
video-subscribe-dl/internal/scheduler/scheduler.go:763.2,763.39 1 0
video-subscribe-dl/internal/scheduler/scheduler.go:767.31,769.2 1 0
video-subscribe-dl/internal/scheduler/startup_cleanup.go:12.38,17.28 3 0
video-subscribe-dl/internal/scheduler/startup_cleanup.go:17.28,19.3 1 0
video-subscribe-dl/internal/scheduler/startup_cleanup.go:21.2,25.17 3 0
video-subscribe-dl/internal/scheduler/startup_cleanup.go:25.17,28.3 2 0
video-subscribe-dl/internal/scheduler/startup_cleanup.go:30.2,31.98 2 0
video-subscribe-dl/internal/scheduler/startup_cleanup.go:36.44,40.82 3 0
video-subscribe-dl/internal/scheduler/startup_cleanup.go:40.82,41.17 1 0
video-subscribe-dl/internal/scheduler/startup_cleanup.go:41.17,43.4 1 0
video-subscribe-dl/internal/scheduler/startup_cleanup.go:46.3,47.17 2 0
video-subscribe-dl/internal/scheduler/startup_cleanup.go:47.17,49.4 1 0
video-subscribe-dl/internal/scheduler/startup_cleanup.go:50.3,51.16 2 0
video-subscribe-dl/internal/scheduler/startup_cleanup.go:51.16,53.4 1 0
video-subscribe-dl/internal/scheduler/startup_cleanup.go:56.3,56.20 1 0
video-subscribe-dl/internal/scheduler/startup_cleanup.go:56.20,58.4 1 0
video-subscribe-dl/internal/scheduler/startup_cleanup.go:60.3,61.37 2 0
video-subscribe-dl/internal/scheduler/startup_cleanup.go:61.37,63.4 1 0
video-subscribe-dl/internal/scheduler/startup_cleanup.go:66.3,67.56 2 0
video-subscribe-dl/internal/scheduler/startup_cleanup.go:67.56,70.4 2 0
video-subscribe-dl/internal/scheduler/startup_cleanup.go:73.3,76.26 3 0
video-subscribe-dl/internal/scheduler/startup_cleanup.go:79.2,79.16 1 0
video-subscribe-dl/internal/scheduler/startup_cleanup.go:79.16,81.3 1 0
video-subscribe-dl/internal/scheduler/startup_cleanup.go:82.2,82.16 1 0
video-subscribe-dl/internal/scheduler/startup_cleanup.go:86.45,87.25 1 18
video-subscribe-dl/internal/scheduler/startup_cleanup.go:87.25,88.10 1 93
video-subscribe-dl/internal/scheduler/startup_cleanup.go:89.20,90.15 1 2
video-subscribe-dl/internal/scheduler/startup_cleanup.go:91.20,92.15 1 1
video-subscribe-dl/internal/scheduler/startup_cleanup.go:93.35,94.15 1 2
video-subscribe-dl/internal/scheduler/startup_cleanup.go:95.20,96.15 1 1
video-subscribe-dl/internal/scheduler/startup_cleanup.go:97.35,98.15 1 2
video-subscribe-dl/internal/scheduler/startup_cleanup.go:99.35,100.15 1 1
video-subscribe-dl/internal/scheduler/startup_cleanup.go:101.35,102.15 1 1
video-subscribe-dl/internal/scheduler/startup_cleanup.go:103.20,104.15 1 1
video-subscribe-dl/internal/scheduler/startup_cleanup.go:105.35,106.15 1 2
video-subscribe-dl/internal/scheduler/startup_cleanup.go:107.37,108.15 1 0
video-subscribe-dl/internal/scheduler/startup_cleanup.go:111.2,111.14 1 5
video-subscribe-dl/internal/scheduler/startup_cleanup.go:116.58,123.16 3 0
video-subscribe-dl/internal/scheduler/startup_cleanup.go:123.16,126.3 2 0
video-subscribe-dl/internal/scheduler/startup_cleanup.go:127.2,128.18 2 0
video-subscribe-dl/internal/scheduler/startup_cleanup.go:128.18,130.3 1 0
